0 info it worked if it ends with ok
1 verbose cli [ 'C:\\Program Files (x86)\\nodejs\\node.exe',
1 verbose cli   'C:\\Program Files (x86)\\nodejs\\node_modules\\npm\\bin\\npm-cli.js',
1 verbose cli   'run',
1 verbose cli   'prepublish' ]
2 info using npm@3.10.3
3 info using node@v6.6.0
4 verbose run-script [ 'prepublish' ]
5 info lifecycle slimejs@0.0.1~prepublish: slimejs@0.0.1
6 verbose lifecycle slimejs@0.0.1~prepublish: unsafe-perm in lifecycle true
7 verbose lifecycle slimejs@0.0.1~prepublish: PATH: C:\Program Files (x86)\nodejs\node_modules\npm\bin\node-gyp-bin;C:\Users\mikalets.EUROPE\Dropbox\Projects\js\slimejs\node_modules\.bin;C:\Program Files (x86)\nodejs;C:\Program Files (x86)\Google\Chrome\Application;C:\Users\mikalets.EUROPE\Dropbox\Projects\bins\apache-maven-3.3.9\bin;C:\Windows\Microsoft.NET\Framework\v4.0.30319;C:\Users\mikalets.EUROPE\Downloads\ngrok-stable-windows-amd64;C:\Users\mikalets.EUROPE\AppData\Roaming\npm;C:\Users\mikalets.EUROPE\Dropbox\Projects\scripts;C:\Program Files\Microsoft Solver Foundation\3.0.2.10889\Plugins;c:\Program Files\PostgreSQL\9.4\bin;C:\ProgramData\Oracle\Java\javapath;C:\WINDOWS\system32;C:\WINDOWS;C:\WINDOWS\System32\Wbem;C:\WINDOWS\System32\WindowsPowerShell\v1.0\;C:\Program Files\Microsoft SQL Server\120\Tools\Binn\;C:\Program Files (x86)\Windows Kits\10\Windows Performance Toolkit\;C:\Program Files\TortoiseGit\bin;C:\WINDOWS\system32;C:\WINDOWS;C:\WINDOWS\System32\Wbem;C:\WINDOWS\System32\WindowsPowerShell\v1.0\;C:\Program Files\Microsoft\Web Platform Installer\;C:\Program Files (x86)\Microsoft SDKs\Azure\CLI\wbin;C:\Program Files\Microsoft SQL Server\130\Tools\Binn\;C:\Program Files (x86)\Microsoft Emulator Manager\1.0\;C:\Program Files\Git\cmd;C:\Program Files\dotnet\;C:\Program Files (x86)\nodejs\;C:\Program Files (x86)\Skype\Phone\;C:\Go\bin;c:\Program Files (x86)\Java\jdk1.7.0_55\bin;C:\Ruby200\bin;C:\Users\mikalets.EUROPE\.dnx\runtimes\dnx-clr-win-x86.1.0.0-rc1-update2\bin;C:\Users\mikalets.EUROPE\AppData\Local\Continuum\Anaconda2;C:\Users\mikalets.EUROPE\AppData\Local\Continuum\Anaconda2\Scripts;C:\Users\mikalets.EUROPE\AppData\Local\Continuum\Anaconda2\Library\bin;C:\Users\mikalets.EUROPE\.dnx\bin;C:\Users\mikalets.EUROPE\AppData\Local\Gource\cmd;C:\Users\mikalets.EUROPE\AppData\Local\Microsoft\WindowsApps;;C:\Program Files (x86)\Microsoft VS Code\bin;C:\Users\mikalets.EUROPE\AppData\Roaming\npm
8 verbose lifecycle slimejs@0.0.1~prepublish: CWD: C:\Users\mikalets.EUROPE\Dropbox\Projects\js\slimejs
9 silly lifecycle slimejs@0.0.1~prepublish: Args: [ '/d /s /c', './fiddle.sh' ]
10 silly lifecycle slimejs@0.0.1~prepublish: Returned: code: 1  signal: null
11 info lifecycle slimejs@0.0.1~prepublish: Failed to exec prepublish script
12 verbose stack Error: slimejs@0.0.1 prepublish: `./fiddle.sh`
12 verbose stack Exit status 1
12 verbose stack     at EventEmitter.<anonymous> (C:\Program Files (x86)\nodejs\node_modules\npm\lib\utils\lifecycle.js:242:16)
12 verbose stack     at emitTwo (events.js:106:13)
12 verbose stack     at EventEmitter.emit (events.js:191:7)
12 verbose stack     at ChildProcess.<anonymous> (C:\Program Files (x86)\nodejs\node_modules\npm\lib\utils\spawn.js:40:14)
12 verbose stack     at emitTwo (events.js:106:13)
12 verbose stack     at ChildProcess.emit (events.js:191:7)
12 verbose stack     at maybeClose (internal/child_process.js:877:16)
12 verbose stack     at Process.ChildProcess._handle.onexit (internal/child_process.js:226:5)
13 verbose pkgid slimejs@0.0.1
14 verbose cwd C:\Users\mikalets.EUROPE\Dropbox\Projects\js\slimejs
15 error Windows_NT 10.0.14931
16 error argv "C:\\Program Files (x86)\\nodejs\\node.exe" "C:\\Program Files (x86)\\nodejs\\node_modules\\npm\\bin\\npm-cli.js" "run" "prepublish"
17 error node v6.6.0
18 error npm  v3.10.3
19 error code ELIFECYCLE
20 error slimejs@0.0.1 prepublish: `./fiddle.sh`
20 error Exit status 1
21 error Failed at the slimejs@0.0.1 prepublish script './fiddle.sh'.
21 error Make sure you have the latest version of node.js and npm installed.
21 error If you do, this is most likely a problem with the slimejs package,
21 error not with npm itself.
21 error Tell the author that this fails on your system:
21 error     ./fiddle.sh
21 error You can get information on how to open an issue for this project with:
21 error     npm bugs slimejs
21 error Or if that isn't available, you can get their info via:
21 error     npm owner ls slimejs
21 error There is likely additional logging output above.
22 verbose exit [ 1, true ]
